<?xml version="1.0" encoding="UTF-8"?>
<!-- Generated by org.testng.reporters.JUnitReportReporter -->
<testsuite hostname="CPDK254" failures="0" tests="3" name="FirstTest.java.Put_Patch_Del_request" time="3.125" errors="0" timestamp="2024-07-05T15:11:09 IST" skipped="0">
  <testcase classname="FirstTest.java.Put_Patch_Del_request" name="PutRuest" time="0.463"/>
  <testcase classname="FirstTest.java.Put_Patch_Del_request" name="DelRequest" time="2.228"/>
  <testcase classname="FirstTest.java.Put_Patch_Del_request" name="patchrequest" time="0.434"/>
</testsuite> <!-- FirstTest.java.Put_Patch_Del_request -->
