<?xml version="1.0" encoding="UTF-8"?>
<!-- Generated by org.testng.reporters.JUnitReportReporter -->
<testsuite hostname="CPDK254" failures="0" tests="1" name="FirstTest.java.Home_page" time="1.500" errors="0" timestamp="2024-07-05T17:17:30 IST" skipped="0">
  <testcase classname="FirstTest.java.Home_page" name="DelRequest" time="1.500"/>
</testsuite> <!-- FirstTest.java.Home_page -->
