<?xml version="1.0" encoding="UTF-8"?>
<!-- Generated by org.testng.reporters.JUnitReportReporter -->
<testsuite hostname="CPDK254" failures="0" tests="1" name="FirstTest.java.First_test" time="2.516" errors="0" timestamp="2024-07-05T12:29:23 IST" skipped="0">
  <testcase classname="FirstTest.java.First_test" name="GetApi2" time="2.516"/>
</testsuite> <!-- FirstTest.java.First_test -->
