<?xml version="1.0" encoding="UTF-8"?>
<!-- Generated by org.testng.reporters.JUnitReportReporter -->
<testsuite hostname="CPDK254" failures="0" tests="1" name="FirstTest.java.test_get_and_post" time="2.386" errors="0" timestamp="2024-07-05T14:45:44 IST" skipped="0">
  <testcase classname="FirstTest.java.test_get_and_post" name="POSTRequest" time="2.386"/>
</testsuite> <!-- FirstTest.java.test_get_and_post -->
