<?xml version="1.0" encoding="UTF-8"?>
<!-- Generated by org.testng.reporters.JUnitReportReporter -->
<testsuite hostname="CPDK254" failures="0" tests="1" name="FirstTest.java.JSONSchemValidator" time="2.897" errors="0" timestamp="2024-07-05T16:52:56 IST" skipped="0">
  <testcase classname="FirstTest.java.JSONSchemValidator" name="testGET" time="2.897"/>
</testsuite> <!-- FirstTest.java.JSONSchemValidator -->
